[28-Sep-2023 15:29:09 UTC] PHP Warning:  Trying to access array offset on value of type bool in C:\Users\Batis\Local Sites\planty\app\public\wp-content\plugins\elementor\includes\managers\image.php on line 113
[28-Sep-2023 15:29:09 UTC] PHP Warning:  Trying to access array offset on value of type bool in C:\Users\Batis\Local Sites\planty\app\public\wp-content\plugins\elementor\includes\managers\image.php on line 113
[28-Sep-2023 15:29:09 UTC] PHP Warning:  Trying to access array offset on value of type bool in C:\Users\Batis\Local Sites\planty\app\public\wp-content\plugins\elementor\includes\managers\image.php on line 113
[28-Sep-2023 15:29:09 UTC] PHP Warning:  Trying to access array offset on value of type bool in C:\Users\Batis\Local Sites\planty\app\public\wp-content\plugins\elementor\includes\managers\image.php on line 113
[28-Sep-2023 15:29:09 UTC] PHP Warning:  Trying to access array offset on value of type bool in C:\Users\Batis\Local Sites\planty\app\public\wp-content\plugins\elementor\includes\managers\image.php on line 113
[28-Sep-2023 15:29:09 UTC] PHP Warning:  Trying to access array offset on value of type bool in C:\Users\Batis\Local Sites\planty\app\public\wp-content\plugins\elementor\includes\managers\image.php on line 113
[28-Sep-2023 15:29:09 UTC] PHP Warning:  Trying to access array offset on value of type bool in C:\Users\Batis\Local Sites\planty\app\public\wp-content\plugins\elementor\includes\managers\image.php on line 113
[28-Sep-2023 15:29:09 UTC] PHP Warning:  Trying to access array offset on value of type bool in C:\Users\Batis\Local Sites\planty\app\public\wp-content\plugins\elementor\includes\managers\image.php on line 113
[28-Sep-2023 15:29:09 UTC] PHP Warning:  Trying to access array offset on value of type bool in C:\Users\Batis\Local Sites\planty\app\public\wp-content\plugins\elementor\includes\managers\image.php on line 113
[28-Sep-2023 15:29:09 UTC] PHP Warning:  Trying to access array offset on value of type bool in C:\Users\Batis\Local Sites\planty\app\public\wp-content\plugins\elementor\includes\managers\image.php on line 113
[28-Sep-2023 15:29:09 UTC] PHP Warning:  Trying to access array offset on value of type bool in C:\Users\Batis\Local Sites\planty\app\public\wp-content\plugins\elementor\includes\managers\image.php on line 113
[28-Sep-2023 15:29:09 UTC] PHP Warning:  Trying to access array offset on value of type bool in C:\Users\Batis\Local Sites\planty\app\public\wp-content\plugins\elementor\includes\managers\image.php on line 113
[28-Sep-2023 15:29:09 UTC] PHP Warning:  Trying to access array offset on value of type bool in C:\Users\Batis\Local Sites\planty\app\public\wp-content\plugins\elementor\includes\managers\image.php on line 113
[28-Sep-2023 15:29:09 UTC] PHP Warning:  Trying to access array offset on value of type bool in C:\Users\Batis\Local Sites\planty\app\public\wp-content\plugins\elementor\includes\managers\image.php on line 113
[28-Sep-2023 15:29:09 UTC] PHP Warning:  Trying to access array offset on value of type bool in C:\Users\Batis\Local Sites\planty\app\public\wp-content\plugins\elementor\includes\managers\image.php on line 113
[28-Sep-2023 15:29:09 UTC] PHP Warning:  Trying to access array offset on value of type bool in C:\Users\Batis\Local Sites\planty\app\public\wp-content\plugins\elementor\includes\managers\image.php on line 113
[28-Sep-2023 15:29:09 UTC] PHP Warning:  Trying to access array offset on value of type bool in C:\Users\Batis\Local Sites\planty\app\public\wp-content\plugins\elementor\includes\managers\image.php on line 113
[28-Sep-2023 15:29:09 UTC] PHP Warning:  Trying to access array offset on value of type bool in C:\Users\Batis\Local Sites\planty\app\public\wp-content\plugins\elementor\includes\managers\image.php on line 113
[28-Sep-2023 15:29:09 UTC] PHP Warning:  Trying to access array offset on value of type bool in C:\Users\Batis\Local Sites\planty\app\public\wp-content\plugins\elementor\includes\managers\image.php on line 113
[28-Sep-2023 15:29:09 UTC] PHP Warning:  Trying to access array offset on value of type bool in C:\Users\Batis\Local Sites\planty\app\public\wp-content\plugins\elementor\includes\managers\image.php on line 113
[28-Sep-2023 15:29:09 UTC] PHP Warning:  Trying to access array offset on value of type bool in C:\Users\Batis\Local Sites\planty\app\public\wp-content\plugins\elementor\includes\managers\image.php on line 113
[28-Sep-2023 15:29:09 UTC] PHP Warning:  Trying to access array offset on value of type bool in C:\Users\Batis\Local Sites\planty\app\public\wp-content\plugins\elementor\includes\managers\image.php on line 113
[28-Sep-2023 15:29:09 UTC] PHP Warning:  Trying to access array offset on value of type bool in C:\Users\Batis\Local Sites\planty\app\public\wp-content\plugins\elementor\includes\managers\image.php on line 113
[28-Sep-2023 15:29:09 UTC] PHP Warning:  Trying to access array offset on value of type bool in C:\Users\Batis\Local Sites\planty\app\public\wp-content\plugins\elementor\includes\managers\image.php on line 113
[28-Sep-2023 15:29:09 UTC] PHP Warning:  Trying to access array offset on value of type bool in C:\Users\Batis\Local Sites\planty\app\public\wp-content\plugins\elementor\includes\managers\image.php on line 113
[28-Sep-2023 15:29:09 UTC] PHP Warning:  Trying to access array offset on value of type bool in C:\Users\Batis\Local Sites\planty\app\public\wp-content\plugins\elementor\includes\managers\image.php on line 113
[28-Sep-2023 15:29:09 UTC] PHP Warning:  Trying to access array offset on value of type bool in C:\Users\Batis\Local Sites\planty\app\public\wp-content\plugins\elementor\includes\managers\image.php on line 113
[28-Sep-2023 15:29:09 UTC] PHP Warning:  Trying to access array offset on value of type bool in C:\Users\Batis\Local Sites\planty\app\public\wp-content\plugins\elementor\includes\managers\image.php on line 113
[28-Sep-2023 15:29:09 UTC] PHP Warning:  Trying to access array offset on value of type bool in C:\Users\Batis\Local Sites\planty\app\public\wp-content\plugins\elementor\includes\managers\image.php on line 113
[28-Sep-2023 15:29:09 UTC] PHP Warning:  Trying to access array offset on value of type bool in C:\Users\Batis\Local Sites\planty\app\public\wp-content\plugins\elementor\includes\managers\image.php on line 113
[28-Sep-2023 15:29:09 UTC] PHP Warning:  Trying to access array offset on value of type bool in C:\Users\Batis\Local Sites\planty\app\public\wp-content\plugins\elementor\includes\managers\image.php on line 113
[28-Sep-2023 15:29:09 UTC] PHP Warning:  Trying to access array offset on value of type bool in C:\Users\Batis\Local Sites\planty\app\public\wp-content\plugins\elementor\includes\managers\image.php on line 113
[28-Sep-2023 15:29:09 UTC] PHP Warning:  Trying to access array offset on value of type bool in C:\Users\Batis\Local Sites\planty\app\public\wp-content\plugins\elementor\includes\managers\image.php on line 113
[28-Sep-2023 15:29:09 UTC] PHP Warning:  Trying to access array offset on value of type bool in C:\Users\Batis\Local Sites\planty\app\public\wp-content\plugins\elementor\includes\managers\image.php on line 113
[28-Sep-2023 15:29:09 UTC] PHP Warning:  Trying to access array offset on value of type bool in C:\Users\Batis\Local Sites\planty\app\public\wp-content\plugins\elementor\includes\managers\image.php on line 113
[28-Sep-2023 15:29:09 UTC] PHP Warning:  Trying to access array offset on value of type bool in C:\Users\Batis\Local Sites\planty\app\public\wp-content\plugins\elementor\includes\managers\image.php on line 113
[28-Sep-2023 15:29:09 UTC] PHP Warning:  Trying to access array offset on value of type bool in C:\Users\Batis\Local Sites\planty\app\public\wp-content\plugins\elementor\includes\managers\image.php on line 113
[28-Sep-2023 15:29:09 UTC] PHP Warning:  Trying to access array offset on value of type bool in C:\Users\Batis\Local Sites\planty\app\public\wp-content\plugins\elementor\includes\managers\image.php on line 113
[28-Sep-2023 15:29:09 UTC] PHP Warning:  Trying to access array offset on value of type bool in C:\Users\Batis\Local Sites\planty\app\public\wp-content\plugins\elementor\includes\managers\image.php on line 113
[28-Sep-2023 15:29:09 UTC] PHP Warning:  Trying to access array offset on value of type bool in C:\Users\Batis\Local Sites\planty\app\public\wp-content\plugins\elementor\includes\managers\image.php on line 113
[28-Sep-2023 15:29:09 UTC] PHP Warning:  Trying to access array offset on value of type bool in C:\Users\Batis\Local Sites\planty\app\public\wp-content\plugins\elementor\includes\managers\image.php on line 113
[28-Sep-2023 15:29:09 UTC] PHP Warning:  Trying to access array offset on value of type bool in C:\Users\Batis\Local Sites\planty\app\public\wp-content\plugins\elementor\includes\managers\image.php on line 113
[28-Sep-2023 15:29:09 UTC] PHP Warning:  Trying to access array offset on value of type bool in C:\Users\Batis\Local Sites\planty\app\public\wp-content\plugins\elementor\includes\managers\image.php on line 113
[28-Sep-2023 15:29:09 UTC] PHP Warning:  Trying to access array offset on value of type bool in C:\Users\Batis\Local Sites\planty\app\public\wp-content\plugins\elementor\includes\managers\image.php on line 113
[28-Sep-2023 15:29:09 UTC] PHP Warning:  Trying to access array offset on value of type bool in C:\Users\Batis\Local Sites\planty\app\public\wp-content\plugins\elementor\includes\managers\image.php on line 113
[28-Sep-2023 15:29:09 UTC] PHP Warning:  Trying to access array offset on value of type bool in C:\Users\Batis\Local Sites\planty\app\public\wp-content\plugins\elementor\includes\managers\image.php on line 113
[28-Sep-2023 15:29:09 UTC] PHP Warning:  Trying to access array offset on value of type bool in C:\Users\Batis\Local Sites\planty\app\public\wp-content\plugins\elementor\includes\managers\image.php on line 113
[28-Sep-2023 15:29:09 UTC] PHP Warning:  Trying to access array offset on value of type bool in C:\Users\Batis\Local Sites\planty\app\public\wp-content\plugins\elementor\includes\managers\image.php on line 113
[28-Sep-2023 15:29:09 UTC] PHP Warning:  Trying to access array offset on value of type bool in C:\Users\Batis\Local Sites\planty\app\public\wp-content\plugins\elementor\includes\managers\image.php on line 113
[28-Sep-2023 15:29:09 UTC] PHP Warning:  Trying to access array offset on value of type bool in C:\Users\Batis\Local Sites\planty\app\public\wp-content\plugins\elementor\includes\managers\image.php on line 113
[28-Sep-2023 15:29:09 UTC] PHP Warning:  Trying to access array offset on value of type bool in C:\Users\Batis\Local Sites\planty\app\public\wp-content\plugins\elementor\includes\managers\image.php on line 113
[28-Sep-2023 15:29:09 UTC] PHP Warning:  Trying to access array offset on value of type bool in C:\Users\Batis\Local Sites\planty\app\public\wp-content\plugins\elementor\includes\managers\image.php on line 113
[28-Sep-2023 15:29:09 UTC] PHP Warning:  Trying to access array offset on value of type bool in C:\Users\Batis\Local Sites\planty\app\public\wp-content\plugins\elementor\includes\managers\image.php on line 113
[28-Sep-2023 15:29:09 UTC] PHP Warning:  Trying to access array offset on value of type bool in C:\Users\Batis\Local Sites\planty\app\public\wp-content\plugins\elementor\includes\managers\image.php on line 113
[28-Sep-2023 15:29:09 UTC] PHP Warning:  Trying to access array offset on value of type bool in C:\Users\Batis\Local Sites\planty\app\public\wp-content\plugins\elementor\includes\managers\image.php on line 113
[28-Sep-2023 15:29:09 UTC] PHP Warning:  Trying to access array offset on value of type bool in C:\Users\Batis\Local Sites\planty\app\public\wp-content\plugins\elementor\includes\managers\image.php on line 113
[28-Sep-2023 15:29:09 UTC] PHP Warning:  Trying to access array offset on value of type bool in C:\Users\Batis\Local Sites\planty\app\public\wp-content\plugins\elementor\includes\managers\image.php on line 113
[28-Sep-2023 15:29:09 UTC] PHP Warning:  Trying to access array offset on value of type bool in C:\Users\Batis\Local Sites\planty\app\public\wp-content\plugins\elementor\includes\managers\image.php on line 113
[28-Sep-2023 15:29:09 UTC] PHP Warning:  Trying to access array offset on value of type bool in C:\Users\Batis\Local Sites\planty\app\public\wp-content\plugins\elementor\includes\managers\image.php on line 113
[28-Sep-2023 15:29:09 UTC] PHP Warning:  Trying to access array offset on value of type bool in C:\Users\Batis\Local Sites\planty\app\public\wp-content\plugins\elementor\includes\managers\image.php on line 113
[28-Sep-2023 15:29:09 UTC] PHP Warning:  Trying to access array offset on value of type bool in C:\Users\Batis\Local Sites\planty\app\public\wp-content\plugins\elementor\includes\managers\image.php on line 113
[28-Sep-2023 15:29:09 UTC] PHP Warning:  Trying to access array offset on value of type bool in C:\Users\Batis\Local Sites\planty\app\public\wp-content\plugins\elementor\includes\managers\image.php on line 113
[28-Sep-2023 15:29:09 UTC] PHP Warning:  Trying to access array offset on value of type bool in C:\Users\Batis\Local Sites\planty\app\public\wp-content\plugins\elementor\includes\managers\image.php on line 113
[28-Sep-2023 15:29:09 UTC] PHP Warning:  Trying to access array offset on value of type bool in C:\Users\Batis\Local Sites\planty\app\public\wp-content\plugins\elementor\includes\managers\image.php on line 113
[29-Sep-2023 08:11:56 UTC] PHP Warning:  Trying to access array offset on value of type bool in C:\Users\Batis\Local Sites\planty\app\public\wp-content\plugins\elementor\includes\managers\image.php on line 113
[29-Sep-2023 08:11:56 UTC] PHP Warning:  Trying to access array offset on value of type bool in C:\Users\Batis\Local Sites\planty\app\public\wp-content\plugins\elementor\includes\managers\image.php on line 113
[29-Sep-2023 08:11:56 UTC] PHP Warning:  Trying to access array offset on value of type bool in C:\Users\Batis\Local Sites\planty\app\public\wp-content\plugins\elementor\includes\managers\image.php on line 113
[29-Sep-2023 08:11:56 UTC] PHP Warning:  Trying to access array offset on value of type bool in C:\Users\Batis\Local Sites\planty\app\public\wp-content\plugins\elementor\includes\managers\image.php on line 113
[29-Sep-2023 08:11:56 UTC] PHP Warning:  Trying to access array offset on value of type bool in C:\Users\Batis\Local Sites\planty\app\public\wp-content\plugins\elementor\includes\managers\image.php on line 113
[29-Sep-2023 08:11:56 UTC] PHP Warning:  Trying to access array offset on value of type bool in C:\Users\Batis\Local Sites\planty\app\public\wp-content\plugins\elementor\includes\managers\image.php on line 113
[29-Sep-2023 08:11:56 UTC] PHP Warning:  Trying to access array offset on value of type bool in C:\Users\Batis\Local Sites\planty\app\public\wp-content\plugins\elementor\includes\managers\image.php on line 113
[29-Sep-2023 08:11:56 UTC] PHP Warning:  Trying to access array offset on value of type bool in C:\Users\Batis\Local Sites\planty\app\public\wp-content\plugins\elementor\includes\managers\image.php on line 113
[29-Sep-2023 08:11:56 UTC] PHP Warning:  Trying to access array offset on value of type bool in C:\Users\Batis\Local Sites\planty\app\public\wp-content\plugins\elementor\includes\managers\image.php on line 113
[29-Sep-2023 08:11:56 UTC] PHP Warning:  Trying to access array offset on value of type bool in C:\Users\Batis\Local Sites\planty\app\public\wp-content\plugins\elementor\includes\managers\image.php on line 113
[29-Sep-2023 08:11:56 UTC] PHP Warning:  Trying to access array offset on value of type bool in C:\Users\Batis\Local Sites\planty\app\public\wp-content\plugins\elementor\includes\managers\image.php on line 113
[29-Sep-2023 08:11:56 UTC] PHP Warning:  Trying to access array offset on value of type bool in C:\Users\Batis\Local Sites\planty\app\public\wp-content\plugins\elementor\includes\managers\image.php on line 113
[29-Sep-2023 08:11:56 UTC] PHP Warning:  Trying to access array offset on value of type bool in C:\Users\Batis\Local Sites\planty\app\public\wp-content\plugins\elementor\includes\managers\image.php on line 113
[29-Sep-2023 08:11:56 UTC] PHP Warning:  Trying to access array offset on value of type bool in C:\Users\Batis\Local Sites\planty\app\public\wp-content\plugins\elementor\includes\managers\image.php on line 113
[29-Sep-2023 08:11:56 UTC] PHP Warning:  Trying to access array offset on value of type bool in C:\Users\Batis\Local Sites\planty\app\public\wp-content\plugins\elementor\includes\managers\image.php on line 113
[29-Sep-2023 08:11:56 UTC] PHP Warning:  Trying to access array offset on value of type bool in C:\Users\Batis\Local Sites\planty\app\public\wp-content\plugins\elementor\includes\managers\image.php on line 113
[29-Sep-2023 08:11:56 UTC] PHP Warning:  Trying to access array offset on value of type bool in C:\Users\Batis\Local Sites\planty\app\public\wp-content\plugins\elementor\includes\managers\image.php on line 113
[29-Sep-2023 08:11:56 UTC] PHP Warning:  Trying to access array offset on value of type bool in C:\Users\Batis\Local Sites\planty\app\public\wp-content\plugins\elementor\includes\managers\image.php on line 113
[29-Sep-2023 08:11:56 UTC] PHP Warning:  Trying to access array offset on value of type bool in C:\Users\Batis\Local Sites\planty\app\public\wp-content\plugins\elementor\includes\managers\image.php on line 113
[29-Sep-2023 08:11:56 UTC] PHP Warning:  Trying to access array offset on value of type bool in C:\Users\Batis\Local Sites\planty\app\public\wp-content\plugins\elementor\includes\managers\image.php on line 113
[29-Sep-2023 08:11:56 UTC] PHP Warning:  Trying to access array offset on value of type bool in C:\Users\Batis\Local Sites\planty\app\public\wp-content\plugins\elementor\includes\managers\image.php on line 113
[29-Sep-2023 08:11:56 UTC] PHP Warning:  Trying to access array offset on value of type bool in C:\Users\Batis\Local Sites\planty\app\public\wp-content\plugins\elementor\includes\managers\image.php on line 113
[29-Sep-2023 08:11:56 UTC] PHP Warning:  Trying to access array offset on value of type bool in C:\Users\Batis\Local Sites\planty\app\public\wp-content\plugins\elementor\includes\managers\image.php on line 113
[29-Sep-2023 08:11:56 UTC] PHP Warning:  Trying to access array offset on value of type bool in C:\Users\Batis\Local Sites\planty\app\public\wp-content\plugins\elementor\includes\managers\image.php on line 113
[29-Sep-2023 08:11:56 UTC] PHP Warning:  Trying to access array offset on value of type bool in C:\Users\Batis\Local Sites\planty\app\public\wp-content\plugins\elementor\includes\managers\image.php on line 113
[29-Sep-2023 08:11:56 UTC] PHP Warning:  Trying to access array offset on value of type bool in C:\Users\Batis\Local Sites\planty\app\public\wp-content\plugins\elementor\includes\managers\image.php on line 113
[29-Sep-2023 08:11:56 UTC] PHP Warning:  Trying to access array offset on value of type bool in C:\Users\Batis\Local Sites\planty\app\public\wp-content\plugins\elementor\includes\managers\image.php on line 113
[29-Sep-2023 08:11:56 UTC] PHP Warning:  Trying to access array offset on value of type bool in C:\Users\Batis\Local Sites\planty\app\public\wp-content\plugins\elementor\includes\managers\image.php on line 113
[29-Sep-2023 08:11:56 UTC] PHP Warning:  Trying to access array offset on value of type bool in C:\Users\Batis\Local Sites\planty\app\public\wp-content\plugins\elementor\includes\managers\image.php on line 113
[29-Sep-2023 08:11:56 UTC] PHP Warning:  Trying to access array offset on value of type bool in C:\Users\Batis\Local Sites\planty\app\public\wp-content\plugins\elementor\includes\managers\image.php on line 113
[29-Sep-2023 08:11:56 UTC] PHP Warning:  Trying to access array offset on value of type bool in C:\Users\Batis\Local Sites\planty\app\public\wp-content\plugins\elementor\includes\managers\image.php on line 113
[29-Sep-2023 08:11:56 UTC] PHP Warning:  Trying to access array offset on value of type bool in C:\Users\Batis\Local Sites\planty\app\public\wp-content\plugins\elementor\includes\managers\image.php on line 113
[29-Sep-2023 08:11:56 UTC] PHP Warning:  Trying to access array offset on value of type bool in C:\Users\Batis\Local Sites\planty\app\public\wp-content\plugins\elementor\includes\managers\image.php on line 113
[29-Sep-2023 08:11:56 UTC] PHP Warning:  Trying to access array offset on value of type bool in C:\Users\Batis\Local Sites\planty\app\public\wp-content\plugins\elementor\includes\managers\image.php on line 113
[29-Sep-2023 08:11:56 UTC] PHP Warning:  Trying to access array offset on value of type bool in C:\Users\Batis\Local Sites\planty\app\public\wp-content\plugins\elementor\includes\managers\image.php on line 113
[29-Sep-2023 08:11:56 UTC] PHP Warning:  Trying to access array offset on value of type bool in C:\Users\Batis\Local Sites\planty\app\public\wp-content\plugins\elementor\includes\managers\image.php on line 113
[29-Sep-2023 08:11:56 UTC] PHP Warning:  Trying to access array offset on value of type bool in C:\Users\Batis\Local Sites\planty\app\public\wp-content\plugins\elementor\includes\managers\image.php on line 113
[29-Sep-2023 08:11:56 UTC] PHP Warning:  Trying to access array offset on value of type bool in C:\Users\Batis\Local Sites\planty\app\public\wp-content\plugins\elementor\includes\managers\image.php on line 113
[29-Sep-2023 08:11:56 UTC] PHP Warning:  Trying to access array offset on value of type bool in C:\Users\Batis\Local Sites\planty\app\public\wp-content\plugins\elementor\includes\managers\image.php on line 113
[29-Sep-2023 08:11:56 UTC] PHP Warning:  Trying to access array offset on value of type bool in C:\Users\Batis\Local Sites\planty\app\public\wp-content\plugins\elementor\includes\managers\image.php on line 113
[29-Sep-2023 08:11:56 UTC] PHP Warning:  Trying to access array offset on value of type bool in C:\Users\Batis\Local Sites\planty\app\public\wp-content\plugins\elementor\includes\managers\image.php on line 113
[29-Sep-2023 08:11:56 UTC] PHP Warning:  Trying to access array offset on value of type bool in C:\Users\Batis\Local Sites\planty\app\public\wp-content\plugins\elementor\includes\managers\image.php on line 113
[29-Sep-2023 08:11:56 UTC] PHP Warning:  Trying to access array offset on value of type bool in C:\Users\Batis\Local Sites\planty\app\public\wp-content\plugins\elementor\includes\managers\image.php on line 113
[29-Sep-2023 08:11:56 UTC] PHP Warning:  Trying to access array offset on value of type bool in C:\Users\Batis\Local Sites\planty\app\public\wp-content\plugins\elementor\includes\managers\image.php on line 113
[29-Sep-2023 08:11:56 UTC] PHP Warning:  Trying to access array offset on value of type bool in C:\Users\Batis\Local Sites\planty\app\public\wp-content\plugins\elementor\includes\managers\image.php on line 113
[29-Sep-2023 08:11:56 UTC] PHP Warning:  Trying to access array offset on value of type bool in C:\Users\Batis\Local Sites\planty\app\public\wp-content\plugins\elementor\includes\managers\image.php on line 113
[29-Sep-2023 08:11:56 UTC] PHP Warning:  Trying to access array offset on value of type bool in C:\Users\Batis\Local Sites\planty\app\public\wp-content\plugins\elementor\includes\managers\image.php on line 113
[29-Sep-2023 08:11:56 UTC] PHP Warning:  Trying to access array offset on value of type bool in C:\Users\Batis\Local Sites\planty\app\public\wp-content\plugins\elementor\includes\managers\image.php on line 113
[29-Sep-2023 08:11:56 UTC] PHP Warning:  Trying to access array offset on value of type bool in C:\Users\Batis\Local Sites\planty\app\public\wp-content\plugins\elementor\includes\managers\image.php on line 113
[29-Sep-2023 08:11:56 UTC] PHP Warning:  Trying to access array offset on value of type bool in C:\Users\Batis\Local Sites\planty\app\public\wp-content\plugins\elementor\includes\managers\image.php on line 113
[29-Sep-2023 08:11:56 UTC] PHP Warning:  Trying to access array offset on value of type bool in C:\Users\Batis\Local Sites\planty\app\public\wp-content\plugins\elementor\includes\managers\image.php on line 113
[29-Sep-2023 08:11:56 UTC] PHP Warning:  Trying to access array offset on value of type bool in C:\Users\Batis\Local Sites\planty\app\public\wp-content\plugins\elementor\includes\managers\image.php on line 113
[29-Sep-2023 08:11:56 UTC] PHP Warning:  Trying to access array offset on value of type bool in C:\Users\Batis\Local Sites\planty\app\public\wp-content\plugins\elementor\includes\managers\image.php on line 113
[29-Sep-2023 08:11:56 UTC] PHP Warning:  Trying to access array offset on value of type bool in C:\Users\Batis\Local Sites\planty\app\public\wp-content\plugins\elementor\includes\managers\image.php on line 113
[29-Sep-2023 08:11:56 UTC] PHP Warning:  Trying to access array offset on value of type bool in C:\Users\Batis\Local Sites\planty\app\public\wp-content\plugins\elementor\includes\managers\image.php on line 113
[29-Sep-2023 08:11:56 UTC] PHP Warning:  Trying to access array offset on value of type bool in C:\Users\Batis\Local Sites\planty\app\public\wp-content\plugins\elementor\includes\managers\image.php on line 113
[29-Sep-2023 08:11:56 UTC] PHP Warning:  Trying to access array offset on value of type bool in C:\Users\Batis\Local Sites\planty\app\public\wp-content\plugins\elementor\includes\managers\image.php on line 113
[29-Sep-2023 08:11:56 UTC] PHP Warning:  Trying to access array offset on value of type bool in C:\Users\Batis\Local Sites\planty\app\public\wp-content\plugins\elementor\includes\managers\image.php on line 113
[29-Sep-2023 08:11:56 UTC] PHP Warning:  Trying to access array offset on value of type bool in C:\Users\Batis\Local Sites\planty\app\public\wp-content\plugins\elementor\includes\managers\image.php on line 113
[29-Sep-2023 08:11:56 UTC] PHP Warning:  Trying to access array offset on value of type bool in C:\Users\Batis\Local Sites\planty\app\public\wp-content\plugins\elementor\includes\managers\image.php on line 113
[29-Sep-2023 08:11:56 UTC] PHP Warning:  Trying to access array offset on value of type bool in C:\Users\Batis\Local Sites\planty\app\public\wp-content\plugins\elementor\includes\managers\image.php on line 113
[29-Sep-2023 08:11:56 UTC] PHP Warning:  Trying to access array offset on value of type bool in C:\Users\Batis\Local Sites\planty\app\public\wp-content\plugins\elementor\includes\managers\image.php on line 113
[29-Sep-2023 08:11:56 UTC] PHP Warning:  Trying to access array offset on value of type bool in C:\Users\Batis\Local Sites\planty\app\public\wp-content\plugins\elementor\includes\managers\image.php on line 113
[29-Sep-2023 08:11:56 UTC] PHP Warning:  Trying to access array offset on value of type bool in C:\Users\Batis\Local Sites\planty\app\public\wp-content\plugins\elementor\includes\managers\image.php on line 113
[01-Oct-2023 13:16:41 UTC] PHP Warning:  Undefined array key "user" in C:\Users\Batis\Local Sites\planty\app\public\wp-content\plugins\elementor\core\common\modules\connect\module.php on line 225
[01-Oct-2023 13:16:41 UTC] PHP Warning:  Attempt to read property "email" on null in C:\Users\Batis\Local Sites\planty\app\public\wp-content\plugins\elementor\core\common\modules\connect\module.php on line 225
[06-Oct-2023 06:47:49 UTC] PHP Warning:  Trying to access array offset on value of type bool in C:\Users\Batis\Local Sites\planty\app\public\wp-content\plugins\elementor\includes\managers\image.php on line 113
[06-Oct-2023 06:47:49 UTC] PHP Warning:  Trying to access array offset on value of type bool in C:\Users\Batis\Local Sites\planty\app\public\wp-content\plugins\elementor\includes\managers\image.php on line 113
[06-Oct-2023 06:47:49 UTC] PHP Warning:  Trying to access array offset on value of type bool in C:\Users\Batis\Local Sites\planty\app\public\wp-content\plugins\elementor\includes\managers\image.php on line 113
[06-Oct-2023 06:47:49 UTC] PHP Warning:  Trying to access array offset on value of type bool in C:\Users\Batis\Local Sites\planty\app\public\wp-content\plugins\elementor\includes\managers\image.php on line 113
[06-Oct-2023 06:47:49 UTC] PHP Warning:  Trying to access array offset on value of type bool in C:\Users\Batis\Local Sites\planty\app\public\wp-content\plugins\elementor\includes\managers\image.php on line 113
[06-Oct-2023 06:47:49 UTC] PHP Warning:  Trying to access array offset on value of type bool in C:\Users\Batis\Local Sites\planty\app\public\wp-content\plugins\elementor\includes\managers\image.php on line 113
[06-Oct-2023 06:47:49 UTC] PHP Warning:  Trying to access array offset on value of type bool in C:\Users\Batis\Local Sites\planty\app\public\wp-content\plugins\elementor\includes\managers\image.php on line 113
[06-Oct-2023 06:47:49 UTC] PHP Warning:  Trying to access array offset on value of type bool in C:\Users\Batis\Local Sites\planty\app\public\wp-content\plugins\elementor\includes\managers\image.php on line 113
[06-Oct-2023 06:47:49 UTC] PHP Warning:  Trying to access array offset on value of type bool in C:\Users\Batis\Local Sites\planty\app\public\wp-content\plugins\elementor\includes\managers\image.php on line 113
[06-Oct-2023 06:47:49 UTC] PHP Warning:  Trying to access array offset on value of type bool in C:\Users\Batis\Local Sites\planty\app\public\wp-content\plugins\elementor\includes\managers\image.php on line 113
[06-Oct-2023 06:47:49 UTC] PHP Warning:  Trying to access array offset on value of type bool in C:\Users\Batis\Local Sites\planty\app\public\wp-content\plugins\elementor\includes\managers\image.php on line 113
[06-Oct-2023 06:47:49 UTC] PHP Warning:  Trying to access array offset on value of type bool in C:\Users\Batis\Local Sites\planty\app\public\wp-content\plugins\elementor\includes\managers\image.php on line 113
[06-Oct-2023 06:47:49 UTC] PHP Warning:  Trying to access array offset on value of type bool in C:\Users\Batis\Local Sites\planty\app\public\wp-content\plugins\elementor\includes\managers\image.php on line 113
[06-Oct-2023 06:47:49 UTC] PHP Warning:  Trying to access array offset on value of type bool in C:\Users\Batis\Local Sites\planty\app\public\wp-content\plugins\elementor\includes\managers\image.php on line 113
[06-Oct-2023 06:47:49 UTC] PHP Warning:  Trying to access array offset on value of type bool in C:\Users\Batis\Local Sites\planty\app\public\wp-content\plugins\elementor\includes\managers\image.php on line 113
[06-Oct-2023 06:47:49 UTC] PHP Warning:  Trying to access array offset on value of type bool in C:\Users\Batis\Local Sites\planty\app\public\wp-content\plugins\elementor\includes\managers\image.php on line 113
[06-Oct-2023 06:47:49 UTC] PHP Warning:  Trying to access array offset on value of type bool in C:\Users\Batis\Local Sites\planty\app\public\wp-content\plugins\elementor\includes\managers\image.php on line 113
[06-Oct-2023 06:47:49 UTC] PHP Warning:  Trying to access array offset on value of type bool in C:\Users\Batis\Local Sites\planty\app\public\wp-content\plugins\elementor\includes\managers\image.php on line 113
[06-Oct-2023 06:47:49 UTC] PHP Warning:  Trying to access array offset on value of type bool in C:\Users\Batis\Local Sites\planty\app\public\wp-content\plugins\elementor\includes\managers\image.php on line 113
[06-Oct-2023 06:47:49 UTC] PHP Warning:  Trying to access array offset on value of type bool in C:\Users\Batis\Local Sites\planty\app\public\wp-content\plugins\elementor\includes\managers\image.php on line 113
[06-Oct-2023 06:47:49 UTC] PHP Warning:  Trying to access array offset on value of type bool in C:\Users\Batis\Local Sites\planty\app\public\wp-content\plugins\elementor\includes\managers\image.php on line 113
[06-Oct-2023 06:47:49 UTC] PHP Warning:  Trying to access array offset on value of type bool in C:\Users\Batis\Local Sites\planty\app\public\wp-content\plugins\elementor\includes\managers\image.php on line 113
[06-Oct-2023 06:47:49 UTC] PHP Warning:  Trying to access array offset on value of type bool in C:\Users\Batis\Local Sites\planty\app\public\wp-content\plugins\elementor\includes\managers\image.php on line 113
[06-Oct-2023 06:47:49 UTC] PHP Warning:  Trying to access array offset on value of type bool in C:\Users\Batis\Local Sites\planty\app\public\wp-content\plugins\elementor\includes\managers\image.php on line 113
[06-Oct-2023 06:47:49 UTC] PHP Warning:  Trying to access array offset on value of type bool in C:\Users\Batis\Local Sites\planty\app\public\wp-content\plugins\elementor\includes\managers\image.php on line 113
[06-Oct-2023 06:47:49 UTC] PHP Warning:  Trying to access array offset on value of type bool in C:\Users\Batis\Local Sites\planty\app\public\wp-content\plugins\elementor\includes\managers\image.php on line 113
[06-Oct-2023 06:47:49 UTC] PHP Warning:  Trying to access array offset on value of type bool in C:\Users\Batis\Local Sites\planty\app\public\wp-content\plugins\elementor\includes\managers\image.php on line 113
[06-Oct-2023 06:47:49 UTC] PHP Warning:  Trying to access array offset on value of type bool in C:\Users\Batis\Local Sites\planty\app\public\wp-content\plugins\elementor\includes\managers\image.php on line 113
[06-Oct-2023 06:47:49 UTC] PHP Warning:  Trying to access array offset on value of type bool in C:\Users\Batis\Local Sites\planty\app\public\wp-content\plugins\elementor\includes\managers\image.php on line 113
[06-Oct-2023 06:47:49 UTC] PHP Warning:  Trying to access array offset on value of type bool in C:\Users\Batis\Local Sites\planty\app\public\wp-content\plugins\elementor\includes\managers\image.php on line 113
[06-Oct-2023 06:47:49 UTC] PHP Warning:  Trying to access array offset on value of type bool in C:\Users\Batis\Local Sites\planty\app\public\wp-content\plugins\elementor\includes\managers\image.php on line 113
[06-Oct-2023 06:47:49 UTC] PHP Warning:  Trying to access array offset on value of type bool in C:\Users\Batis\Local Sites\planty\app\public\wp-content\plugins\elementor\includes\managers\image.php on line 113
[06-Oct-2023 06:47:49 UTC] PHP Warning:  Trying to access array offset on value of type bool in C:\Users\Batis\Local Sites\planty\app\public\wp-content\plugins\elementor\includes\managers\image.php on line 113
[06-Oct-2023 06:47:49 UTC] PHP Warning:  Trying to access array offset on value of type bool in C:\Users\Batis\Local Sites\planty\app\public\wp-content\plugins\elementor\includes\managers\image.php on line 113
[06-Oct-2023 06:47:49 UTC] PHP Warning:  Trying to access array offset on value of type bool in C:\Users\Batis\Local Sites\planty\app\public\wp-content\plugins\elementor\includes\managers\image.php on line 113
[06-Oct-2023 06:47:49 UTC] PHP Warning:  Trying to access array offset on value of type bool in C:\Users\Batis\Local Sites\planty\app\public\wp-content\plugins\elementor\includes\managers\image.php on line 113
[06-Oct-2023 06:47:49 UTC] PHP Warning:  Trying to access array offset on value of type bool in C:\Users\Batis\Local Sites\planty\app\public\wp-content\plugins\elementor\includes\managers\image.php on line 113
[06-Oct-2023 06:47:49 UTC] PHP Warning:  Trying to access array offset on value of type bool in C:\Users\Batis\Local Sites\planty\app\public\wp-content\plugins\elementor\includes\managers\image.php on line 113
[06-Oct-2023 06:47:49 UTC] PHP Warning:  Trying to access array offset on value of type bool in C:\Users\Batis\Local Sites\planty\app\public\wp-content\plugins\elementor\includes\managers\image.php on line 113
[06-Oct-2023 06:47:49 UTC] PHP Warning:  Trying to access array offset on value of type bool in C:\Users\Batis\Local Sites\planty\app\public\wp-content\plugins\elementor\includes\managers\image.php on line 113
[06-Oct-2023 06:47:49 UTC] PHP Warning:  Trying to access array offset on value of type bool in C:\Users\Batis\Local Sites\planty\app\public\wp-content\plugins\elementor\includes\managers\image.php on line 113
[06-Oct-2023 06:47:49 UTC] PHP Warning:  Trying to access array offset on value of type bool in C:\Users\Batis\Local Sites\planty\app\public\wp-content\plugins\elementor\includes\managers\image.php on line 113
[06-Oct-2023 06:47:49 UTC] PHP Warning:  Trying to access array offset on value of type bool in C:\Users\Batis\Local Sites\planty\app\public\wp-content\plugins\elementor\includes\managers\image.php on line 113
[06-Oct-2023 06:47:49 UTC] PHP Warning:  Trying to access array offset on value of type bool in C:\Users\Batis\Local Sites\planty\app\public\wp-content\plugins\elementor\includes\managers\image.php on line 113
[06-Oct-2023 06:47:49 UTC] PHP Warning:  Trying to access array offset on value of type bool in C:\Users\Batis\Local Sites\planty\app\public\wp-content\plugins\elementor\includes\managers\image.php on line 113
[06-Oct-2023 06:47:49 UTC] PHP Warning:  Trying to access array offset on value of type bool in C:\Users\Batis\Local Sites\planty\app\public\wp-content\plugins\elementor\includes\managers\image.php on line 113
[06-Oct-2023 06:47:49 UTC] PHP Warning:  Trying to access array offset on value of type bool in C:\Users\Batis\Local Sites\planty\app\public\wp-content\plugins\elementor\includes\managers\image.php on line 113
[06-Oct-2023 06:47:49 UTC] PHP Warning:  Trying to access array offset on value of type bool in C:\Users\Batis\Local Sites\planty\app\public\wp-content\plugins\elementor\includes\managers\image.php on line 113
[06-Oct-2023 06:47:49 UTC] PHP Warning:  Trying to access array offset on value of type bool in C:\Users\Batis\Local Sites\planty\app\public\wp-content\plugins\elementor\includes\managers\image.php on line 113
[06-Oct-2023 06:47:49 UTC] PHP Warning:  Trying to access array offset on value of type bool in C:\Users\Batis\Local Sites\planty\app\public\wp-content\plugins\elementor\includes\managers\image.php on line 113
[06-Oct-2023 06:47:49 UTC] PHP Warning:  Trying to access array offset on value of type bool in C:\Users\Batis\Local Sites\planty\app\public\wp-content\plugins\elementor\includes\managers\image.php on line 113
[06-Oct-2023 06:47:49 UTC] PHP Warning:  Trying to access array offset on value of type bool in C:\Users\Batis\Local Sites\planty\app\public\wp-content\plugins\elementor\includes\managers\image.php on line 113
[06-Oct-2023 06:47:49 UTC] PHP Warning:  Trying to access array offset on value of type bool in C:\Users\Batis\Local Sites\planty\app\public\wp-content\plugins\elementor\includes\managers\image.php on line 113
[06-Oct-2023 06:47:49 UTC] PHP Warning:  Trying to access array offset on value of type bool in C:\Users\Batis\Local Sites\planty\app\public\wp-content\plugins\elementor\includes\managers\image.php on line 113
[06-Oct-2023 06:47:49 UTC] PHP Warning:  Trying to access array offset on value of type bool in C:\Users\Batis\Local Sites\planty\app\public\wp-content\plugins\elementor\includes\managers\image.php on line 113
[06-Oct-2023 06:47:49 UTC] PHP Warning:  Trying to access array offset on value of type bool in C:\Users\Batis\Local Sites\planty\app\public\wp-content\plugins\elementor\includes\managers\image.php on line 113
[06-Oct-2023 06:47:49 UTC] PHP Warning:  Trying to access array offset on value of type bool in C:\Users\Batis\Local Sites\planty\app\public\wp-content\plugins\elementor\includes\managers\image.php on line 113
[06-Oct-2023 06:47:49 UTC] PHP Warning:  Trying to access array offset on value of type bool in C:\Users\Batis\Local Sites\planty\app\public\wp-content\plugins\elementor\includes\managers\image.php on line 113
[06-Oct-2023 06:47:49 UTC] PHP Warning:  Trying to access array offset on value of type bool in C:\Users\Batis\Local Sites\planty\app\public\wp-content\plugins\elementor\includes\managers\image.php on line 113
[06-Oct-2023 06:47:49 UTC] PHP Warning:  Trying to access array offset on value of type bool in C:\Users\Batis\Local Sites\planty\app\public\wp-content\plugins\elementor\includes\managers\image.php on line 113
[06-Oct-2023 06:47:49 UTC] PHP Warning:  Trying to access array offset on value of type bool in C:\Users\Batis\Local Sites\planty\app\public\wp-content\plugins\elementor\includes\managers\image.php on line 113
[06-Oct-2023 06:47:49 UTC] PHP Warning:  Trying to access array offset on value of type bool in C:\Users\Batis\Local Sites\planty\app\public\wp-content\plugins\elementor\includes\managers\image.php on line 113
[06-Oct-2023 06:47:49 UTC] PHP Warning:  Trying to access array offset on value of type bool in C:\Users\Batis\Local Sites\planty\app\public\wp-content\plugins\elementor\includes\managers\image.php on line 113
[06-Oct-2023 06:47:49 UTC] PHP Warning:  Trying to access array offset on value of type bool in C:\Users\Batis\Local Sites\planty\app\public\wp-content\plugins\elementor\includes\managers\image.php on line 113
[06-Oct-2023 07:24:52 UTC] PHP Warning:  Trying to access array offset on value of type bool in C:\Users\Batis\Local Sites\planty\app\public\wp-content\plugins\elementor\includes\managers\image.php on line 113
[06-Oct-2023 07:24:52 UTC] PHP Warning:  Trying to access array offset on value of type bool in C:\Users\Batis\Local Sites\planty\app\public\wp-content\plugins\elementor\includes\managers\image.php on line 113
[06-Oct-2023 07:24:52 UTC] PHP Warning:  Trying to access array offset on value of type bool in C:\Users\Batis\Local Sites\planty\app\public\wp-content\plugins\elementor\includes\managers\image.php on line 113
[06-Oct-2023 07:24:52 UTC] PHP Warning:  Trying to access array offset on value of type bool in C:\Users\Batis\Local Sites\planty\app\public\wp-content\plugins\elementor\includes\managers\image.php on line 113
[06-Oct-2023 07:24:52 UTC] PHP Warning:  Trying to access array offset on value of type bool in C:\Users\Batis\Local Sites\planty\app\public\wp-content\plugins\elementor\includes\managers\image.php on line 113
[06-Oct-2023 07:24:52 UTC] PHP Warning:  Trying to access array offset on value of type bool in C:\Users\Batis\Local Sites\planty\app\public\wp-content\plugins\elementor\includes\managers\image.php on line 113
[06-Oct-2023 07:24:52 UTC] PHP Warning:  Trying to access array offset on value of type bool in C:\Users\Batis\Local Sites\planty\app\public\wp-content\plugins\elementor\includes\managers\image.php on line 113
[06-Oct-2023 07:24:52 UTC] PHP Warning:  Trying to access array offset on value of type bool in C:\Users\Batis\Local Sites\planty\app\public\wp-content\plugins\elementor\includes\managers\image.php on line 113
[06-Oct-2023 07:24:52 UTC] PHP Warning:  Trying to access array offset on value of type bool in C:\Users\Batis\Local Sites\planty\app\public\wp-content\plugins\elementor\includes\managers\image.php on line 113
[06-Oct-2023 07:24:52 UTC] PHP Warning:  Trying to access array offset on value of type bool in C:\Users\Batis\Local Sites\planty\app\public\wp-content\plugins\elementor\includes\managers\image.php on line 113
[06-Oct-2023 07:24:52 UTC] PHP Warning:  Trying to access array offset on value of type bool in C:\Users\Batis\Local Sites\planty\app\public\wp-content\plugins\elementor\includes\managers\image.php on line 113
[06-Oct-2023 07:24:52 UTC] PHP Warning:  Trying to access array offset on value of type bool in C:\Users\Batis\Local Sites\planty\app\public\wp-content\plugins\elementor\includes\managers\image.php on line 113
[06-Oct-2023 07:24:52 UTC] PHP Warning:  Trying to access array offset on value of type bool in C:\Users\Batis\Local Sites\planty\app\public\wp-content\plugins\elementor\includes\managers\image.php on line 113
[06-Oct-2023 07:24:52 UTC] PHP Warning:  Trying to access array offset on value of type bool in C:\Users\Batis\Local Sites\planty\app\public\wp-content\plugins\elementor\includes\managers\image.php on line 113
[06-Oct-2023 07:24:52 UTC] PHP Warning:  Trying to access array offset on value of type bool in C:\Users\Batis\Local Sites\planty\app\public\wp-content\plugins\elementor\includes\managers\image.php on line 113
[06-Oct-2023 07:24:52 UTC] PHP Warning:  Trying to access array offset on value of type bool in C:\Users\Batis\Local Sites\planty\app\public\wp-content\plugins\elementor\includes\managers\image.php on line 113
[06-Oct-2023 07:24:52 UTC] PHP Warning:  Trying to access array offset on value of type bool in C:\Users\Batis\Local Sites\planty\app\public\wp-content\plugins\elementor\includes\managers\image.php on line 113
[06-Oct-2023 07:24:52 UTC] PHP Warning:  Trying to access array offset on value of type bool in C:\Users\Batis\Local Sites\planty\app\public\wp-content\plugins\elementor\includes\managers\image.php on line 113
[06-Oct-2023 07:24:52 UTC] PHP Warning:  Trying to access array offset on value of type bool in C:\Users\Batis\Local Sites\planty\app\public\wp-content\plugins\elementor\includes\managers\image.php on line 113
[06-Oct-2023 07:24:52 UTC] PHP Warning:  Trying to access array offset on value of type bool in C:\Users\Batis\Local Sites\planty\app\public\wp-content\plugins\elementor\includes\managers\image.php on line 113
[06-Oct-2023 07:24:52 UTC] PHP Warning:  Trying to access array offset on value of type bool in C:\Users\Batis\Local Sites\planty\app\public\wp-content\plugins\elementor\includes\managers\image.php on line 113
[06-Oct-2023 07:24:52 UTC] PHP Warning:  Trying to access array offset on value of type bool in C:\Users\Batis\Local Sites\planty\app\public\wp-content\plugins\elementor\includes\managers\image.php on line 113
[06-Oct-2023 07:24:52 UTC] PHP Warning:  Trying to access array offset on value of type bool in C:\Users\Batis\Local Sites\planty\app\public\wp-content\plugins\elementor\includes\managers\image.php on line 113
[06-Oct-2023 07:24:52 UTC] PHP Warning:  Trying to access array offset on value of type bool in C:\Users\Batis\Local Sites\planty\app\public\wp-content\plugins\elementor\includes\managers\image.php on line 113
[06-Oct-2023 07:24:52 UTC] PHP Warning:  Trying to access array offset on value of type bool in C:\Users\Batis\Local Sites\planty\app\public\wp-content\plugins\elementor\includes\managers\image.php on line 113
[06-Oct-2023 07:24:52 UTC] PHP Warning:  Trying to access array offset on value of type bool in C:\Users\Batis\Local Sites\planty\app\public\wp-content\plugins\elementor\includes\managers\image.php on line 113
[06-Oct-2023 07:24:52 UTC] PHP Warning:  Trying to access array offset on value of type bool in C:\Users\Batis\Local Sites\planty\app\public\wp-content\plugins\elementor\includes\managers\image.php on line 113
[06-Oct-2023 07:24:52 UTC] PHP Warning:  Trying to access array offset on value of type bool in C:\Users\Batis\Local Sites\planty\app\public\wp-content\plugins\elementor\includes\managers\image.php on line 113
[06-Oct-2023 07:24:52 UTC] PHP Warning:  Trying to access array offset on value of type bool in C:\Users\Batis\Local Sites\planty\app\public\wp-content\plugins\elementor\includes\managers\image.php on line 113
[06-Oct-2023 07:24:52 UTC] PHP Warning:  Trying to access array offset on value of type bool in C:\Users\Batis\Local Sites\planty\app\public\wp-content\plugins\elementor\includes\managers\image.php on line 113
[06-Oct-2023 07:24:52 UTC] PHP Warning:  Trying to access array offset on value of type bool in C:\Users\Batis\Local Sites\planty\app\public\wp-content\plugins\elementor\includes\managers\image.php on line 113
[06-Oct-2023 07:24:52 UTC] PHP Warning:  Trying to access array offset on value of type bool in C:\Users\Batis\Local Sites\planty\app\public\wp-content\plugins\elementor\includes\managers\image.php on line 113
[06-Oct-2023 07:24:52 UTC] PHP Warning:  Trying to access array offset on value of type bool in C:\Users\Batis\Local Sites\planty\app\public\wp-content\plugins\elementor\includes\managers\image.php on line 113
[06-Oct-2023 07:24:52 UTC] PHP Warning:  Trying to access array offset on value of type bool in C:\Users\Batis\Local Sites\planty\app\public\wp-content\plugins\elementor\includes\managers\image.php on line 113
[06-Oct-2023 07:24:52 UTC] PHP Warning:  Trying to access array offset on value of type bool in C:\Users\Batis\Local Sites\planty\app\public\wp-content\plugins\elementor\includes\managers\image.php on line 113
[06-Oct-2023 07:24:52 UTC] PHP Warning:  Trying to access array offset on value of type bool in C:\Users\Batis\Local Sites\planty\app\public\wp-content\plugins\elementor\includes\managers\image.php on line 113
[06-Oct-2023 07:24:52 UTC] PHP Warning:  Trying to access array offset on value of type bool in C:\Users\Batis\Local Sites\planty\app\public\wp-content\plugins\elementor\includes\managers\image.php on line 113
[06-Oct-2023 07:24:52 UTC] PHP Warning:  Trying to access array offset on value of type bool in C:\Users\Batis\Local Sites\planty\app\public\wp-content\plugins\elementor\includes\managers\image.php on line 113
[06-Oct-2023 07:24:52 UTC] PHP Warning:  Trying to access array offset on value of type bool in C:\Users\Batis\Local Sites\planty\app\public\wp-content\plugins\elementor\includes\managers\image.php on line 113
[06-Oct-2023 07:24:52 UTC] PHP Warning:  Trying to access array offset on value of type bool in C:\Users\Batis\Local Sites\planty\app\public\wp-content\plugins\elementor\includes\managers\image.php on line 113
[06-Oct-2023 07:24:52 UTC] PHP Warning:  Trying to access array offset on value of type bool in C:\Users\Batis\Local Sites\planty\app\public\wp-content\plugins\elementor\includes\managers\image.php on line 113
[06-Oct-2023 07:24:52 UTC] PHP Warning:  Trying to access array offset on value of type bool in C:\Users\Batis\Local Sites\planty\app\public\wp-content\plugins\elementor\includes\managers\image.php on line 113
[06-Oct-2023 07:24:52 UTC] PHP Warning:  Trying to access array offset on value of type bool in C:\Users\Batis\Local Sites\planty\app\public\wp-content\plugins\elementor\includes\managers\image.php on line 113
[06-Oct-2023 07:24:52 UTC] PHP Warning:  Trying to access array offset on value of type bool in C:\Users\Batis\Local Sites\planty\app\public\wp-content\plugins\elementor\includes\managers\image.php on line 113
[06-Oct-2023 07:24:52 UTC] PHP Warning:  Trying to access array offset on value of type bool in C:\Users\Batis\Local Sites\planty\app\public\wp-content\plugins\elementor\includes\managers\image.php on line 113
[06-Oct-2023 07:24:52 UTC] PHP Warning:  Trying to access array offset on value of type bool in C:\Users\Batis\Local Sites\planty\app\public\wp-content\plugins\elementor\includes\managers\image.php on line 113
[06-Oct-2023 07:24:52 UTC] PHP Warning:  Trying to access array offset on value of type bool in C:\Users\Batis\Local Sites\planty\app\public\wp-content\plugins\elementor\includes\managers\image.php on line 113
[06-Oct-2023 07:24:52 UTC] PHP Warning:  Trying to access array offset on value of type bool in C:\Users\Batis\Local Sites\planty\app\public\wp-content\plugins\elementor\includes\managers\image.php on line 113
[06-Oct-2023 07:24:52 UTC] PHP Warning:  Trying to access array offset on value of type bool in C:\Users\Batis\Local Sites\planty\app\public\wp-content\plugins\elementor\includes\managers\image.php on line 113
[06-Oct-2023 07:24:52 UTC] PHP Warning:  Trying to access array offset on value of type bool in C:\Users\Batis\Local Sites\planty\app\public\wp-content\plugins\elementor\includes\managers\image.php on line 113
[06-Oct-2023 07:24:52 UTC] PHP Warning:  Trying to access array offset on value of type bool in C:\Users\Batis\Local Sites\planty\app\public\wp-content\plugins\elementor\includes\managers\image.php on line 113
[06-Oct-2023 07:24:52 UTC] PHP Warning:  Trying to access array offset on value of type bool in C:\Users\Batis\Local Sites\planty\app\public\wp-content\plugins\elementor\includes\managers\image.php on line 113
[06-Oct-2023 07:24:52 UTC] PHP Warning:  Trying to access array offset on value of type bool in C:\Users\Batis\Local Sites\planty\app\public\wp-content\plugins\elementor\includes\managers\image.php on line 113
[06-Oct-2023 07:24:52 UTC] PHP Warning:  Trying to access array offset on value of type bool in C:\Users\Batis\Local Sites\planty\app\public\wp-content\plugins\elementor\includes\managers\image.php on line 113
[06-Oct-2023 07:24:52 UTC] PHP Warning:  Trying to access array offset on value of type bool in C:\Users\Batis\Local Sites\planty\app\public\wp-content\plugins\elementor\includes\managers\image.php on line 113
[06-Oct-2023 07:24:52 UTC] PHP Warning:  Trying to access array offset on value of type bool in C:\Users\Batis\Local Sites\planty\app\public\wp-content\plugins\elementor\includes\managers\image.php on line 113
[06-Oct-2023 07:24:52 UTC] PHP Warning:  Trying to access array offset on value of type bool in C:\Users\Batis\Local Sites\planty\app\public\wp-content\plugins\elementor\includes\managers\image.php on line 113
[06-Oct-2023 07:24:52 UTC] PHP Warning:  Trying to access array offset on value of type bool in C:\Users\Batis\Local Sites\planty\app\public\wp-content\plugins\elementor\includes\managers\image.php on line 113
[06-Oct-2023 07:24:52 UTC] PHP Warning:  Trying to access array offset on value of type bool in C:\Users\Batis\Local Sites\planty\app\public\wp-content\plugins\elementor\includes\managers\image.php on line 113
[06-Oct-2023 07:24:52 UTC] PHP Warning:  Trying to access array offset on value of type bool in C:\Users\Batis\Local Sites\planty\app\public\wp-content\plugins\elementor\includes\managers\image.php on line 113
[06-Oct-2023 07:24:52 UTC] PHP Warning:  Trying to access array offset on value of type bool in C:\Users\Batis\Local Sites\planty\app\public\wp-content\plugins\elementor\includes\managers\image.php on line 113
[06-Oct-2023 07:24:52 UTC] PHP Warning:  Trying to access array offset on value of type bool in C:\Users\Batis\Local Sites\planty\app\public\wp-content\plugins\elementor\includes\managers\image.php on line 113
[06-Oct-2023 07:24:52 UTC] PHP Warning:  Trying to access array offset on value of type bool in C:\Users\Batis\Local Sites\planty\app\public\wp-content\plugins\elementor\includes\managers\image.php on line 113
[06-Oct-2023 07:24:52 UTC] PHP Warning:  Trying to access array offset on value of type bool in C:\Users\Batis\Local Sites\planty\app\public\wp-content\plugins\elementor\includes\managers\image.php on line 113
[07-Oct-2023 11:17:27 UTC] PHP Warning:  Undefined array key 1 in C:\Users\Batis\Local Sites\planty\app\public\wp-content\plugins\elementor\includes\managers\image.php on line 84
[07-Oct-2023 11:17:27 UTC] PHP Warning:  Undefined array key 2 in C:\Users\Batis\Local Sites\planty\app\public\wp-content\plugins\elementor\includes\managers\image.php on line 85
[07-Oct-2023 11:43:21 UTC] PHP Warning:  Undefined array key 1 in C:\Users\Batis\Local Sites\planty\app\public\wp-content\plugins\elementor\includes\managers\image.php on line 84
[07-Oct-2023 11:43:21 UTC] PHP Warning:  Undefined array key 2 in C:\Users\Batis\Local Sites\planty\app\public\wp-content\plugins\elementor\includes\managers\image.php on line 85
[07-Oct-2023 11:46:33 UTC] PHP Warning:  Undefined array key 1 in C:\Users\Batis\Local Sites\planty\app\public\wp-content\plugins\elementor\includes\managers\image.php on line 84
[07-Oct-2023 11:46:33 UTC] PHP Warning:  Undefined array key 2 in C:\Users\Batis\Local Sites\planty\app\public\wp-content\plugins\elementor\includes\managers\image.php on line 85
[07-Oct-2023 13:51:49 UTC] PHP Warning:  Undefined array key 1 in C:\Users\Batis\Local Sites\planty\app\public\wp-content\plugins\elementor\includes\managers\image.php on line 84
[07-Oct-2023 13:51:49 UTC] PHP Warning:  Undefined array key 2 in C:\Users\Batis\Local Sites\planty\app\public\wp-content\plugins\elementor\includes\managers\image.php on line 85
[07-Oct-2023 13:51:49 UTC] PHP Warning:  Undefined array key 1 in C:\Users\Batis\Local Sites\planty\app\public\wp-content\plugins\elementor\includes\managers\image.php on line 84
[07-Oct-2023 13:51:49 UTC] PHP Warning:  Undefined array key 2 in C:\Users\Batis\Local Sites\planty\app\public\wp-content\plugins\elementor\includes\managers\image.php on line 85
[07-Oct-2023 15:46:35 UTC] PHP Warning:  Undefined array key "file" in C:\Users\Batis\Local Sites\planty\app\public\wp-includes\media.php on line 1712
[07-Oct-2023 15:46:35 UTC] PHP Warning:  Undefined array key "file" in C:\Users\Batis\Local Sites\planty\app\public\wp-includes\media.php on line 1712
[07-Oct-2023 15:57:23 UTC] PHP Warning:  Undefined array key "file" in C:\Users\Batis\Local Sites\planty\app\public\wp-includes\media.php on line 1712
[07-Oct-2023 15:57:23 UTC] PHP Warning:  Undefined array key "file" in C:\Users\Batis\Local Sites\planty\app\public\wp-includes\media.php on line 1712
[07-Oct-2023 16:01:36 UTC] PHP Warning:  Undefined array key "file" in C:\Users\Batis\Local Sites\planty\app\public\wp-includes\media.php on line 1712
[07-Oct-2023 16:01:36 UTC] PHP Warning:  Undefined array key "file" in C:\Users\Batis\Local Sites\planty\app\public\wp-includes\media.php on line 1712
[07-Oct-2023 16:03:07 UTC] PHP Warning:  Undefined array key "file" in C:\Users\Batis\Local Sites\planty\app\public\wp-includes\media.php on line 1712
[07-Oct-2023 16:03:07 UTC] PHP Warning:  Undefined array key "file" in C:\Users\Batis\Local Sites\planty\app\public\wp-includes\media.php on line 1712
[07-Oct-2023 16:07:49 UTC] PHP Warning:  Undefined array key "file" in C:\Users\Batis\Local Sites\planty\app\public\wp-includes\media.php on line 1712
[07-Oct-2023 16:07:49 UTC] PHP Warning:  Undefined array key "file" in C:\Users\Batis\Local Sites\planty\app\public\wp-includes\media.php on line 1712
[07-Oct-2023 16:08:14 UTC] PHP Warning:  Undefined array key "file" in C:\Users\Batis\Local Sites\planty\app\public\wp-includes\media.php on line 1712
[07-Oct-2023 16:08:14 UTC] PHP Warning:  Undefined array key "file" in C:\Users\Batis\Local Sites\planty\app\public\wp-includes\media.php on line 1712
[07-Oct-2023 16:08:53 UTC] PHP Warning:  Undefined array key "file" in C:\Users\Batis\Local Sites\planty\app\public\wp-includes\media.php on line 1712
[07-Oct-2023 16:08:53 UTC] PHP Warning:  Undefined array key "file" in C:\Users\Batis\Local Sites\planty\app\public\wp-includes\media.php on line 1712
[07-Oct-2023 16:12:56 UTC] PHP Warning:  Undefined array key "file" in C:\Users\Batis\Local Sites\planty\app\public\wp-includes\media.php on line 1712
[07-Oct-2023 16:12:56 UTC] PHP Warning:  Undefined array key "file" in C:\Users\Batis\Local Sites\planty\app\public\wp-includes\media.php on line 1712
[07-Oct-2023 18:34:49 UTC] PHP Warning:  Undefined array key "file" in C:\Users\Batis\Local Sites\planty\app\public\wp-includes\media.php on line 1712
[07-Oct-2023 18:34:49 UTC] PHP Warning:  Undefined array key "file" in C:\Users\Batis\Local Sites\planty\app\public\wp-includes\media.php on line 1712
[07-Oct-2023 18:43:31 UTC] PHP Warning:  Undefined array key "file" in C:\Users\Batis\Local Sites\planty\app\public\wp-includes\media.php on line 1712
[07-Oct-2023 18:43:31 UTC] PHP Warning:  Undefined array key "file" in C:\Users\Batis\Local Sites\planty\app\public\wp-includes\media.php on line 1712
[07-Oct-2023 18:46:06 UTC] PHP Warning:  Undefined array key "file" in C:\Users\Batis\Local Sites\planty\app\public\wp-includes\media.php on line 1712
[07-Oct-2023 18:46:06 UTC] PHP Warning:  Undefined array key "file" in C:\Users\Batis\Local Sites\planty\app\public\wp-includes\media.php on line 1712
[08-Oct-2023 06:46:37 UTC] PHP Warning:  Undefined array key "file" in C:\Users\Batis\Local Sites\planty\app\public\wp-includes\media.php on line 1712
[08-Oct-2023 06:46:37 UTC] PHP Warning:  Undefined array key "file" in C:\Users\Batis\Local Sites\planty\app\public\wp-includes\media.php on line 1712
[08-Oct-2023 06:47:07 UTC] PHP Warning:  Undefined array key "file" in C:\Users\Batis\Local Sites\planty\app\public\wp-includes\media.php on line 1712
[08-Oct-2023 06:47:07 UTC] PHP Warning:  Undefined array key "file" in C:\Users\Batis\Local Sites\planty\app\public\wp-includes\media.php on line 1712
[08-Oct-2023 06:47:19 UTC] PHP Warning:  Undefined array key "file" in C:\Users\Batis\Local Sites\planty\app\public\wp-includes\media.php on line 1712
[08-Oct-2023 06:47:19 UTC] PHP Warning:  Undefined array key "file" in C:\Users\Batis\Local Sites\planty\app\public\wp-includes\media.php on line 1712
[08-Oct-2023 06:48:22 UTC] PHP Warning:  Undefined array key "file" in C:\Users\Batis\Local Sites\planty\app\public\wp-includes\media.php on line 1712
[08-Oct-2023 06:48:22 UTC] PHP Warning:  Undefined array key "file" in C:\Users\Batis\Local Sites\planty\app\public\wp-includes\media.php on line 1712
[08-Oct-2023 06:55:29 UTC] PHP Warning:  Undefined array key "file" in C:\Users\Batis\Local Sites\planty\app\public\wp-includes\media.php on line 1712
[08-Oct-2023 06:55:29 UTC] PHP Warning:  Undefined array key "file" in C:\Users\Batis\Local Sites\planty\app\public\wp-includes\media.php on line 1712
[08-Oct-2023 06:59:20 UTC] PHP Warning:  Trying to access array offset on value of type bool in C:\Users\Batis\Local Sites\planty\app\public\wp-content\plugins\elementor\includes\managers\image.php on line 113
[08-Oct-2023 06:59:20 UTC] PHP Warning:  Trying to access array offset on value of type bool in C:\Users\Batis\Local Sites\planty\app\public\wp-content\plugins\elementor\includes\managers\image.php on line 113
[08-Oct-2023 06:59:20 UTC] PHP Warning:  Trying to access array offset on value of type bool in C:\Users\Batis\Local Sites\planty\app\public\wp-content\plugins\elementor\includes\managers\image.php on line 113
[08-Oct-2023 06:59:20 UTC] PHP Warning:  Trying to access array offset on value of type bool in C:\Users\Batis\Local Sites\planty\app\public\wp-content\plugins\elementor\includes\managers\image.php on line 113
[08-Oct-2023 06:59:20 UTC] PHP Warning:  Trying to access array offset on value of type bool in C:\Users\Batis\Local Sites\planty\app\public\wp-content\plugins\elementor\includes\managers\image.php on line 113
[08-Oct-2023 06:59:20 UTC] PHP Warning:  Trying to access array offset on value of type bool in C:\Users\Batis\Local Sites\planty\app\public\wp-content\plugins\elementor\includes\managers\image.php on line 113
[08-Oct-2023 06:59:20 UTC] PHP Warning:  Trying to access array offset on value of type bool in C:\Users\Batis\Local Sites\planty\app\public\wp-content\plugins\elementor\includes\managers\image.php on line 113
[08-Oct-2023 06:59:20 UTC] PHP Warning:  Trying to access array offset on value of type bool in C:\Users\Batis\Local Sites\planty\app\public\wp-content\plugins\elementor\includes\managers\image.php on line 113
[08-Oct-2023 06:59:20 UTC] PHP Warning:  Trying to access array offset on value of type bool in C:\Users\Batis\Local Sites\planty\app\public\wp-content\plugins\elementor\includes\managers\image.php on line 113
[08-Oct-2023 06:59:20 UTC] PHP Warning:  Trying to access array offset on value of type bool in C:\Users\Batis\Local Sites\planty\app\public\wp-content\plugins\elementor\includes\managers\image.php on line 113
[08-Oct-2023 06:59:20 UTC] PHP Warning:  Trying to access array offset on value of type bool in C:\Users\Batis\Local Sites\planty\app\public\wp-content\plugins\elementor\includes\managers\image.php on line 113
[08-Oct-2023 06:59:20 UTC] PHP Warning:  Trying to access array offset on value of type bool in C:\Users\Batis\Local Sites\planty\app\public\wp-content\plugins\elementor\includes\managers\image.php on line 113
[08-Oct-2023 06:59:20 UTC] PHP Warning:  Trying to access array offset on value of type bool in C:\Users\Batis\Local Sites\planty\app\public\wp-content\plugins\elementor\includes\managers\image.php on line 113
[08-Oct-2023 06:59:20 UTC] PHP Warning:  Trying to access array offset on value of type bool in C:\Users\Batis\Local Sites\planty\app\public\wp-content\plugins\elementor\includes\managers\image.php on line 113
[08-Oct-2023 06:59:20 UTC] PHP Warning:  Trying to access array offset on value of type bool in C:\Users\Batis\Local Sites\planty\app\public\wp-content\plugins\elementor\includes\managers\image.php on line 113
[08-Oct-2023 06:59:20 UTC] PHP Warning:  Trying to access array offset on value of type bool in C:\Users\Batis\Local Sites\planty\app\public\wp-content\plugins\elementor\includes\managers\image.php on line 113
[08-Oct-2023 06:59:20 UTC] PHP Warning:  Trying to access array offset on value of type bool in C:\Users\Batis\Local Sites\planty\app\public\wp-content\plugins\elementor\includes\managers\image.php on line 113
[08-Oct-2023 06:59:20 UTC] PHP Warning:  Trying to access array offset on value of type bool in C:\Users\Batis\Local Sites\planty\app\public\wp-content\plugins\elementor\includes\managers\image.php on line 113
[08-Oct-2023 06:59:20 UTC] PHP Warning:  Trying to access array offset on value of type bool in C:\Users\Batis\Local Sites\planty\app\public\wp-content\plugins\elementor\includes\managers\image.php on line 113
[08-Oct-2023 06:59:20 UTC] PHP Warning:  Trying to access array offset on value of type bool in C:\Users\Batis\Local Sites\planty\app\public\wp-content\plugins\elementor\includes\managers\image.php on line 113
[08-Oct-2023 06:59:20 UTC] PHP Warning:  Trying to access array offset on value of type bool in C:\Users\Batis\Local Sites\planty\app\public\wp-content\plugins\elementor\includes\managers\image.php on line 113
[08-Oct-2023 06:59:20 UTC] PHP Warning:  Trying to access array offset on value of type bool in C:\Users\Batis\Local Sites\planty\app\public\wp-content\plugins\elementor\includes\managers\image.php on line 113
[08-Oct-2023 06:59:20 UTC] PHP Warning:  Trying to access array offset on value of type bool in C:\Users\Batis\Local Sites\planty\app\public\wp-content\plugins\elementor\includes\managers\image.php on line 113
[08-Oct-2023 06:59:20 UTC] PHP Warning:  Trying to access array offset on value of type bool in C:\Users\Batis\Local Sites\planty\app\public\wp-content\plugins\elementor\includes\managers\image.php on line 113
[08-Oct-2023 14:03:43 UTC] PHP Fatal error:  Uncaught Error: Call to undefined function Elementor\Core\get_plugins() in C:\Users\Batis\Local Sites\planty\app\public\wp-content\plugins\elementor\core\wp-api.php:26
Stack trace:
#0 C:\Users\Batis\Local Sites\planty\app\public\wp-content\plugins\elementor\modules\compatibility-tag\base-module.php(96): Elementor\Core\Wp_Api->get_plugins()
#1 C:\Users\Batis\Local Sites\planty\app\public\wp-content\plugins\elementor\modules\compatibility-tag\base-module.php(58): Elementor\Modules\CompatibilityTag\Base_Module->get_plugins_with_header()
#2 C:\Users\Batis\Local Sites\planty\app\public\wp-content\plugins\elementor\modules\compatibility-tag\module.php(57): Elementor\Modules\CompatibilityTag\Base_Module->get_plugins_to_check()
#3 C:\Users\Batis\Local Sites\planty\app\public\wp-content\plugins\elementor\modules\compatibility-tag\base-module.php(148): Elementor\Modules\CompatibilityTag\Module->get_plugins_to_check()
#4 C:\Users\Batis\Local Sites\planty\app\public\wp-includes\class-wp-hook.php(310): Elementor\Modules\CompatibilityTag\Base_Module->Elementor\Modules\CompatibilityTag\{closure}('')
#5 C:\Users\Batis\Local Sites\planty\app\public\wp-includes\class-wp-hook.php(334): WP_Hook->apply_filters('', Array)
#6 C:\Users\Batis\Local Sites\planty\app\public\wp-includes\plugin.php(517): WP_Hook->do_action(Array)
#7 C:\Users\Batis\Local Sites\planty\app\public\wp-content\plugins\elementor\modules\system-info\module.php(340): do_action('elementor/syste...')
#8 C:\Users\Batis\Local Sites\planty\app\public\wp-content\plugins\elementor\includes\tracker.php(241): Elementor\Modules\System_Info\Module::get_allowed_reports()
#9 C:\Users\Batis\Local Sites\planty\app\public\wp-content\plugins\elementor\includes\tracker.php(530): Elementor\Tracker::get_system_reports_data()
#10 C:\Users\Batis\Local Sites\planty\app\public\wp-content\plugins\elementor\includes\tracker.php(141): Elementor\Tracker::get_tracking_data(false)
#11 C:\Users\Batis\Local Sites\planty\app\public\wp-includes\class-wp-hook.php(310): Elementor\Tracker::send_tracking_data()
#12 C:\Users\Batis\Local Sites\planty\app\public\wp-includes\class-wp-hook.php(334): WP_Hook->apply_filters('', Array)
#13 C:\Users\Batis\Local Sites\planty\app\public\wp-includes\plugin.php(565): WP_Hook->do_action(Array)
#14 C:\Users\Batis\Local Sites\planty\app\public\wp-cron.php(191): do_action_ref_array('elementor/track...', Array)
#15 {main}
  thrown in C:\Users\Batis\Local Sites\planty\app\public\wp-content\plugins\elementor\core\wp-api.php on line 26
[08-Oct-2023 14:31:27 UTC] PHP Warning:  Undefined array key 1 in C:\Users\Batis\Local Sites\planty\app\public\wp-content\plugins\elementor\includes\managers\image.php on line 84
[08-Oct-2023 14:31:27 UTC] PHP Warning:  Undefined array key 2 in C:\Users\Batis\Local Sites\planty\app\public\wp-content\plugins\elementor\includes\managers\image.php on line 85
[08-Oct-2023 14:55:05 UTC] PHP Warning:  Undefined array key 1 in C:\Users\Batis\Local Sites\planty\app\public\wp-content\plugins\elementor\includes\managers\image.php on line 84
[08-Oct-2023 14:55:05 UTC] PHP Warning:  Undefined array key 2 in C:\Users\Batis\Local Sites\planty\app\public\wp-content\plugins\elementor\includes\managers\image.php on line 85
[08-Oct-2023 14:55:10 UTC] PHP Warning:  Undefined array key 1 in C:\Users\Batis\Local Sites\planty\app\public\wp-content\plugins\elementor\includes\managers\image.php on line 84
[08-Oct-2023 14:55:10 UTC] PHP Warning:  Undefined array key 2 in C:\Users\Batis\Local Sites\planty\app\public\wp-content\plugins\elementor\includes\managers\image.php on line 85
[08-Oct-2023 15:03:06 UTC] PHP Warning:  Undefined array key 1 in C:\Users\Batis\Local Sites\planty\app\public\wp-content\plugins\elementor\includes\managers\image.php on line 84
[08-Oct-2023 15:03:06 UTC] PHP Warning:  Undefined array key 2 in C:\Users\Batis\Local Sites\planty\app\public\wp-content\plugins\elementor\includes\managers\image.php on line 85
[08-Oct-2023 15:03:06 UTC] PHP Warning:  Undefined array key 1 in C:\Users\Batis\Local Sites\planty\app\public\wp-content\plugins\elementor\includes\managers\image.php on line 84
[08-Oct-2023 15:03:06 UTC] PHP Warning:  Undefined array key 2 in C:\Users\Batis\Local Sites\planty\app\public\wp-content\plugins\elementor\includes\managers\image.php on line 85
[08-Oct-2023 15:03:06 UTC] PHP Warning:  Undefined array key 1 in C:\Users\Batis\Local Sites\planty\app\public\wp-content\plugins\elementor\includes\managers\image.php on line 84
[08-Oct-2023 15:03:06 UTC] PHP Warning:  Undefined array key 2 in C:\Users\Batis\Local Sites\planty\app\public\wp-content\plugins\elementor\includes\managers\image.php on line 85
[08-Oct-2023 15:05:20 UTC] PHP Warning:  Undefined array key 1 in C:\Users\Batis\Local Sites\planty\app\public\wp-content\plugins\elementor\includes\managers\image.php on line 84
[08-Oct-2023 15:05:20 UTC] PHP Warning:  Undefined array key 2 in C:\Users\Batis\Local Sites\planty\app\public\wp-content\plugins\elementor\includes\managers\image.php on line 85
[08-Oct-2023 15:05:20 UTC] PHP Warning:  Undefined array key 1 in C:\Users\Batis\Local Sites\planty\app\public\wp-content\plugins\elementor\includes\managers\image.php on line 84
[08-Oct-2023 15:05:20 UTC] PHP Warning:  Undefined array key 2 in C:\Users\Batis\Local Sites\planty\app\public\wp-content\plugins\elementor\includes\managers\image.php on line 85
[08-Oct-2023 15:05:20 UTC] PHP Warning:  Undefined array key 1 in C:\Users\Batis\Local Sites\planty\app\public\wp-content\plugins\elementor\includes\managers\image.php on line 84
[08-Oct-2023 15:05:20 UTC] PHP Warning:  Undefined array key 2 in C:\Users\Batis\Local Sites\planty\app\public\wp-content\plugins\elementor\includes\managers\image.php on line 85
[09-Oct-2023 06:43:51 UTC] PHP Warning:  Undefined array key 1 in C:\Users\Batis\Local Sites\planty\app\public\wp-content\plugins\elementor\includes\managers\image.php on line 84
[09-Oct-2023 06:43:51 UTC] PHP Warning:  Undefined array key 2 in C:\Users\Batis\Local Sites\planty\app\public\wp-content\plugins\elementor\includes\managers\image.php on line 85
[09-Oct-2023 06:43:51 UTC] PHP Warning:  Undefined array key 1 in C:\Users\Batis\Local Sites\planty\app\public\wp-content\plugins\elementor\includes\managers\image.php on line 84
[09-Oct-2023 06:43:51 UTC] PHP Warning:  Undefined array key 2 in C:\Users\Batis\Local Sites\planty\app\public\wp-content\plugins\elementor\includes\managers\image.php on line 85
[09-Oct-2023 06:43:51 UTC] PHP Warning:  Undefined array key 1 in C:\Users\Batis\Local Sites\planty\app\public\wp-content\plugins\elementor\includes\managers\image.php on line 84
[09-Oct-2023 06:43:51 UTC] PHP Warning:  Undefined array key 2 in C:\Users\Batis\Local Sites\planty\app\public\wp-content\plugins\elementor\includes\managers\image.php on line 85
[09-Oct-2023 06:45:35 UTC] PHP Warning:  Undefined array key 1 in C:\Users\Batis\Local Sites\planty\app\public\wp-content\plugins\elementor\includes\managers\image.php on line 84
[09-Oct-2023 06:45:35 UTC] PHP Warning:  Undefined array key 2 in C:\Users\Batis\Local Sites\planty\app\public\wp-content\plugins\elementor\includes\managers\image.php on line 85
[09-Oct-2023 06:45:35 UTC] PHP Warning:  Undefined array key 1 in C:\Users\Batis\Local Sites\planty\app\public\wp-content\plugins\elementor\includes\managers\image.php on line 84
[09-Oct-2023 06:45:35 UTC] PHP Warning:  Undefined array key 2 in C:\Users\Batis\Local Sites\planty\app\public\wp-content\plugins\elementor\includes\managers\image.php on line 85
[09-Oct-2023 06:45:35 UTC] PHP Warning:  Undefined array key 1 in C:\Users\Batis\Local Sites\planty\app\public\wp-content\plugins\elementor\includes\managers\image.php on line 84
[09-Oct-2023 06:45:35 UTC] PHP Warning:  Undefined array key 2 in C:\Users\Batis\Local Sites\planty\app\public\wp-content\plugins\elementor\includes\managers\image.php on line 85
[09-Oct-2023 07:39:04 UTC] PHP Warning:  Undefined array key 1 in C:\Users\Batis\Local Sites\planty\app\public\wp-content\plugins\elementor\includes\managers\image.php on line 84
[09-Oct-2023 07:39:04 UTC] PHP Warning:  Undefined array key 2 in C:\Users\Batis\Local Sites\planty\app\public\wp-content\plugins\elementor\includes\managers\image.php on line 85
[09-Oct-2023 15:07:07 UTC] PHP Warning:  Undefined array key 1 in C:\Users\Batis\Local Sites\planty\app\public\wp-content\plugins\elementor\includes\managers\image.php on line 84
[09-Oct-2023 15:07:07 UTC] PHP Warning:  Undefined array key 2 in C:\Users\Batis\Local Sites\planty\app\public\wp-content\plugins\elementor\includes\managers\image.php on line 85
[09-Oct-2023 15:07:07 UTC] PHP Warning:  Undefined array key 1 in C:\Users\Batis\Local Sites\planty\app\public\wp-content\plugins\elementor\includes\managers\image.php on line 84
[09-Oct-2023 15:07:07 UTC] PHP Warning:  Undefined array key 2 in C:\Users\Batis\Local Sites\planty\app\public\wp-content\plugins\elementor\includes\managers\image.php on line 85
[09-Oct-2023 15:07:07 UTC] PHP Warning:  Undefined array key 1 in C:\Users\Batis\Local Sites\planty\app\public\wp-content\plugins\elementor\includes\managers\image.php on line 84
[09-Oct-2023 15:07:07 UTC] PHP Warning:  Undefined array key 2 in C:\Users\Batis\Local Sites\planty\app\public\wp-content\plugins\elementor\includes\managers\image.php on line 85
[10-Oct-2023 07:32:31 UTC] PHP Warning:  Undefined array key 1 in C:\Users\Batis\Local Sites\planty\app\public\wp-content\plugins\elementor\includes\managers\image.php on line 84
[10-Oct-2023 07:32:31 UTC] PHP Warning:  Undefined array key 2 in C:\Users\Batis\Local Sites\planty\app\public\wp-content\plugins\elementor\includes\managers\image.php on line 85
[10-Oct-2023 07:32:31 UTC] PHP Warning:  Undefined array key 1 in C:\Users\Batis\Local Sites\planty\app\public\wp-content\plugins\elementor\includes\managers\image.php on line 84
[10-Oct-2023 07:32:31 UTC] PHP Warning:  Undefined array key 2 in C:\Users\Batis\Local Sites\planty\app\public\wp-content\plugins\elementor\includes\managers\image.php on line 85
[10-Oct-2023 07:32:31 UTC] PHP Warning:  Undefined array key 1 in C:\Users\Batis\Local Sites\planty\app\public\wp-content\plugins\elementor\includes\managers\image.php on line 84
[10-Oct-2023 07:32:31 UTC] PHP Warning:  Undefined array key 2 in C:\Users\Batis\Local Sites\planty\app\public\wp-content\plugins\elementor\includes\managers\image.php on line 85
